ISim log file
Running: C:\Users\Sina HZ\Vending_machine\Last_TestBench_isim_beh.exe -intstyle ise -gui -tclbatch isim.cmd -wdb C:/Users/Sina HZ/Vending_machine/Last_TestBench_isim_beh.wdb 
ISim P.20131013 (signature 0x7708f090)
----------------------------------------------------------------------
INFO:Security:50 - The XILINXD_LICENSE_FILE environment variable is set to 'G:\Crack\xilinx_ise.lic'.
INFO:Security:53 - The LM_LICENSE_FILE environment variable is not set.
INFO:Security:68a - user is Sina HZ, on host DESKTOP-3GRA784.
WARNING:Security:43 - No license file was found in the standard Xilinx license directory.
WARNING:Security:44 - Since no license file was found,
       please run the Xilinx License Configuration Manager
       (xlcm or "Manage Xilinx Licenses")
       to assist in obtaining a license.
ERROR:Security:14 - No feature was available for 'ISIM'.

No such feature exists.
Feature:       ISIM
License path:  G:\Crack\xilinx_ise.lic;C:/.Xilinx;D:\Xilinx\14.7\ISE_DS\ISE\/coregen/core_licenses\Xilinx.lic;D:\Xilinx\14.7\ISE_DS\ISE\/coregen/core_licenses\XilinxFree.lic;D:\Xilinx\14.7\ISE_DS\EDK/data/core_licenses\Xilinx.lic;
FLEXnet Licensing error:-5,357
For further information, refer to the FLEXnet Licensing documentation,
available at "www.flexerasoftware.com".
----------------------------------------------------------------------
WARNING: A full ISim License cannot be checked out due to the issues listed above. Please use Xilinx License Configuration Manager to fix these issues in order to check out a full ISim license.
WARNING: ISim will run in Lite mode. Please refer to the ISim documentation for more information on the differences between the Lite and the Full version.
This is a Lite version of ISim.
WARNING: File "C:/Users/Sina HZ/Vending_machine/Main.v" Line 24.  For instance uut/OWNER2/, width 5 of formal port machineAcc is not equal to width 9 of actual variable machineAcc. 
WARNING: File "C:/Users/Sina HZ/Vending_machine/Main.v" Line 52.  For instance uut/OWNER2/, width 7 of formal port totalMoneyRetrieve_out is not equal to width 9 of actual signal totalMoneyRetrieve_out.
WARNING: File "C:/Users/Sina HZ/Vending_machine/Main.v" Line 24.  For instance uut/FirstDisplay/, width 7 of formal port data is not equal to width 9 of actual variable machineAcc. 
Time resolution is 1 ps
# onerror resume
# wave add /
# run 1000 ns
Simulator is doing circuit initialization process.
Finished circuit initialization process.
-------------------------------------------------------------------
type 0 has  6 supply and  6 is the price
type 1 has  0 supply and 15 is the price
type 2 has 15 supply and  1 is the price
type 3 has 11 supply and  2 is the price
type 4 has  8 supply and  8 is the price
type 5 has  6 supply and  6 is the price
type 6 has  6 supply and  6 is the price
type 7 has  6 supply and  6 is the price
machine money is   0
-------------------------------------------------------------------
-------------------------------------------------------------------
type 0 has  5 supply and  6 is the price
type 1 has  0 supply and 15 is the price
type 2 has 15 supply and  1 is the price
type 3 has 11 supply and  2 is the price
type 4 has  8 supply and  8 is the price
type 5 has  6 supply and  6 is the price
type 6 has  6 supply and  6 is the price
type 7 has  6 supply and  6 is the price
machine money is   6
-------------------------------------------------------------------
-------------------------------------------------------------------
type 0 has  5 supply and  6 is the price
type 1 has  0 supply and 15 is the price
type 2 has 15 supply and  1 is the price
type 3 has 10 supply and  2 is the price
type 4 has  8 supply and  8 is the price
type 5 has  6 supply and  6 is the price
type 6 has  6 supply and  6 is the price
type 7 has  6 supply and  6 is the price
machine money is   8
-------------------------------------------------------------------
-------------------------------------------------------------------
type 0 has  5 supply and  6 is the price
type 1 has  0 supply and 15 is the price
type 2 has 15 supply and  1 is the price
type 3 has 10 supply and  2 is the price
type 4 has  8 supply and  8 is the price
type 5 has  6 supply and  6 is the price
type 6 has  6 supply and  6 is the price
type 7 has  6 supply and  6 is the price
machine money is   8
-------------------------------------------------------------------
-------------------------------------------------------------------
type 0 has  5 supply and  6 is the price
type 1 has  0 supply and 15 is the price
type 2 has 15 supply and  1 is the price
type 3 has 10 supply and  2 is the price
type 4 has  8 supply and  8 is the price
type 5 has  6 supply and  6 is the price
type 6 has  6 supply and  6 is the price
type 7 has  5 supply and  6 is the price
machine money is  14
-------------------------------------------------------------------
-------------------------------------------------------------------
type 0 has  7 supply and  6 is the price
type 1 has  0 supply and 15 is the price
type 2 has 15 supply and  1 is the price
type 3 has 10 supply and  2 is the price
type 4 has  8 supply and  8 is the price
type 5 has  6 supply and  6 is the price
type 6 has  6 supply and  6 is the price
type 7 has  5 supply and  6 is the price
machine money is  14
-------------------------------------------------------------------
Stopped at time : 300 ns : File "C:/Users/Sina HZ/Vending_machine/Last_TestBench.v" Line 101
