Release 14.7 - xst P.20131013 (nt64)
Copyright (c) 1995-2013 Xilinx, Inc.  All rights reserved.
--> Parameter TMPDIR set to xst/projnav.tmp


Total REAL time to Xst completion: 1.00 secs
Total CPU time to Xst completion: 0.87 secs
 
--> Parameter xsthdpdir set to xst


Total REAL time to Xst completion: 1.00 secs
Total CPU time to Xst completion: 0.88 secs
 
--> Reading design: Main.prj

TABLE OF CONTENTS
  1) Synthesis Options Summary
  2) HDL Parsing
  3) HDL Elaboration
  4) HDL Synthesis
       4.1) HDL Synthesis Report
  5) Advanced HDL Synthesis
       5.1) Advanced HDL Synthesis Report
  6) Low Level Synthesis
  7) Partition Report
  8) Design Summary
       8.1) Primitive and Black Box Usage
       8.2) Device utilization summary
       8.3) Partition Resource Summary
       8.4) Timing Report
            8.4.1) Clock Information
            8.4.2) Asynchronous Control Signals Information
            8.4.3) Timing Summary
            8.4.4) Timing Details
            8.4.5) Cross Clock Domains Report


=========================================================================
*                      Synthesis Options Summary                        *
=========================================================================
---- Source Parameters
Input File Name                    : "Main.prj"
Ignore Synthesis Constraint File   : NO

---- Target Parameters
Output File Name                   : "Main"
Output Format                      : NGC
Target Device                      : xc7a100t-3-csg324

---- Source Options
Top Module Name                    : Main
Automatic FSM Extraction           : YES
FSM Encoding Algorithm             : Auto
Safe Implementation                : No
FSM Style                          : LUT
RAM Extraction                     : Yes
RAM Style                          : Auto
ROM Extraction                     : Yes
Shift Register Extraction          : YES
ROM Style                          : Auto
Resource Sharing                   : YES
Asynchronous To Synchronous        : NO
Shift Register Minimum Size        : 2
Use DSP Block                      : Auto
Automatic Register Balancing       : No

---- Target Options
LUT Combining                      : Auto
Reduce Control Sets                : Auto
Add IO Buffers                     : YES
Global Maximum Fanout              : 100000
Add Generic Clock Buffer(BUFG)     : 32
Register Duplication               : YES
Optimize Instantiated Primitives   : NO
Use Clock Enable                   : Auto
Use Synchronous Set                : Auto
Use Synchronous Reset              : Auto
Pack IO Registers into IOBs        : Auto
Equivalent register Removal        : YES

---- General Options
Optimization Goal                  : Speed
Optimization Effort                : 1
Power Reduction                    : NO
Keep Hierarchy                     : No
Netlist Hierarchy                  : As_Optimized
RTL Output                         : Yes
Global Optimization                : AllClockNets
Read Cores                         : YES
Write Timing Constraints           : NO
Cross Clock Analysis               : NO
Hierarchy Separator                : /
Bus Delimiter                      : <>
Case Specifier                     : Maintain
Slice Utilization Ratio            : 100
BRAM Utilization Ratio             : 100
DSP48 Utilization Ratio            : 100
Auto BRAM Packing                  : NO
Slice Utilization Ratio Delta      : 5

=========================================================================


=========================================================================
*                          HDL Parsing                                  *
=========================================================================
Analyzing Verilog file "C:\Users\Sina HZ\Vending_machine\Owner_retrieve.v" into library work
Parsing module <Owner_retrieve>.
Analyzing Verilog file "C:\Users\Sina HZ\Vending_machine\Owner_charge.v" into library work
Parsing module <Owner_charge>.
Analyzing Verilog file "C:\Users\Sina HZ\Vending_machine\display2.v" into library work
Parsing module <display2>.
Analyzing Verilog file "C:\Users\Sina HZ\Vending_machine\display.v" into library work
Parsing module <display>.
Analyzing Verilog file "C:\Users\Sina HZ\Vending_machine\Main.v" into library work
Parsing module <Main>.

=========================================================================
*                            HDL Elaboration                            *
=========================================================================

Elaborating module <Main>.
Reading initialization file \"stuff.txt\".
WARNING:HDLCompiler:413 - "C:\Users\Sina HZ\Vending_machine\Main.v" Line 97: Result of 9-bit expression is truncated to fit in 7-bit target.
ERROR:HDLCompiler:1511 - "C:\Users\Sina HZ\Vending_machine\Main.v" Line 24: Mix of blocking and non-blocking assignments to variable <machineAcc> is not a recommended coding practice.
INFO - You can change the severity of this error message to warning using switch -change_error_to_warning "HDLCompiler:1511"
Module Main remains a blackbox, due to errors in its contents
WARNING:HDLCompiler:1499 - "C:\Users\Sina HZ\Vending_machine\Main.v" Line 2: Empty module <Main> remains a black box.
--> 

Total memory usage is 4499008 kilobytes

Number of errors   :    1 (   0 filtered)
Number of warnings :    2 (   0 filtered)
Number of infos    :    0 (   0 filtered)

